Application/build/intermediates/proguard-rules/debug/aapt_rules.txt
# view res/layout/design_navigation_item.xml #generated:17
-keep class android.support.design.internal.NavigationMenuItemView { <init>(...); }

# view res/layout/design_navigation_menu.xml #generated:17
-keep class android.support.design.internal.NavigationMenuView { <init>(...); }

# view res/layout/activity_main.xml #generated:22
-keep class android.support.design.widget.AppBarLayout { <init>(...); }

# view res/layout/activity_main.xml #generated:17
# view res/layout/design_bottom_sheet_dialog.xml #generated:17
-keep class android.support.design.widget.CoordinatorLayout { <init>(...); }

# view res/layout/fragment_visualnavigate.xml #generated:23
-keep class android.support.design.widget.FloatingActionButton { <init>(...); }

# view res/layout/design_layout_snackbar.xml #generated:18
# view sw600dp-v13\res/layout-sw600dp-v13/design_layout_snackbar.xml #generated:18
-keep class android.support.design.widget.Snackbar$SnackbarLayout { <init>(...); }

# view res/layout/activity_main.xml #generated:2
-keep class android.support.v4.widget.DrawerLayout { <init>(...); }

# view res/layout/abc_alert_dialog_material.xml #generated:75
-keep class android.support.v4.widget.NestedScrollView { <init>(...); }

# view res/layout/abc_alert_dialog_button_bar_material.xml #generated:39
-keep class android.support.v4.widget.Space { <init>(...); }

# view res/layout/mr_volume_control.xml #generated:41
-keep class android.support.v7.app.MediaRouteExpandCollapseButton { <init>(...); }

# view res/layout/mr_controller_volume_item.xml #generated:43
# view res/layout/mr_volume_control.xml #generated:33
-keep class android.support.v7.app.MediaRouteVolumeSlider { <init>(...); }

# view res/layout/mr_controller_material_dialog_b.xml #generated:86
-keep class android.support.v7.app.OverlayListView { <init>(...); }

# view res/layout/abc_action_menu_item_layout.xml #generated:17
-keep class android.support.v7.view.menu.ActionMenuItemView { <init>(...); }

# view res/layout/abc_expanded_menu_layout.xml #generated:17
-keep class android.support.v7.view.menu.ExpandedMenuView { <init>(...); }

# view res/layout/abc_list_menu_item_layout.xml #generated:17
# view res/layout/abc_popup_menu_item_layout.xml #generated:17
-keep class android.support.v7.view.menu.ListMenuItemView { <init>(...); }

# view res/layout/abc_screen_toolbar.xml #generated:27
-keep class android.support.v7.widget.ActionBarContainer { <init>(...); }

# view res/layout/abc_action_mode_bar.xml #generated:19
# view res/layout/abc_screen_toolbar.xml #generated:43
-keep class android.support.v7.widget.ActionBarContextView { <init>(...); }

# view res/layout/abc_screen_toolbar.xml #generated:17
-keep class android.support.v7.widget.ActionBarOverlayLayout { <init>(...); }

# view res/layout/abc_action_menu_layout.xml #generated:17
-keep class android.support.v7.widget.ActionMenuView { <init>(...); }

# view res/layout/abc_activity_chooser_view.xml #generated:19
-keep class android.support.v7.widget.ActivityChooserView$InnerLayout { <init>(...); }

# view res/layout/abc_alert_dialog_button_bar_material.xml #generated:18
-keep class android.support.v7.widget.ButtonBarLayout { <init>(...); }

# view res/layout/abc_screen_content_include.xml #generated:19
-keep class android.support.v7.widget.ContentFrameLayout { <init>(...); }

# view res/layout/abc_alert_dialog_material.xml #generated:48
-keep class android.support.v7.widget.DialogTitle { <init>(...); }

# view res/layout/abc_screen_simple_overlay_action_mode.xml #generated:23
-keep class android.support.v7.widget.FitWindowsFrameLayout { <init>(...); }

# view res/layout/abc_dialog_title_material.xml #generated:22
# view res/layout/abc_screen_simple.xml #generated:17
-keep class android.support.v7.widget.FitWindowsLinearLayout { <init>(...); }

# view res/layout/abc_search_view.xml #generated:75
-keep class android.support.v7.widget.SearchView$SearchAutoComplete { <init>(...); }

# view res/layout/abc_screen_toolbar.xml #generated:36
# view res/layout/activity_main.xml #generated:28
# view res/layout/cast_expanded_controller_activity.xml #generated:28
-keep class android.support.v7.widget.Toolbar { <init>(...); }

# view res/layout/abc_screen_simple.xml #generated:25
# view res/layout/abc_screen_simple_overlay_action_mode.xml #generated:32
-keep class android.support.v7.widget.ViewStubCompat { <init>(...); }

# view AndroidManifest.xml #generated:71
-keep class com.google.android.gms.ads.AdActivity { <init>(...); }

# view AndroidManifest.xml #generated:75
-keep class com.google.android.gms.ads.purchase.InAppPurchaseActivity { <init>(...); }

# view AndroidManifest.xml #generated:78
-keep class com.google.android.gms.appinvite.PreviewActivity { <init>(...); }

# view AndroidManifest.xml #generated:97
-keep class com.google.android.gms.auth.api.signin.RevocationBoundService { <init>(...); }

# view AndroidManifest.xml #generated:88
-keep class com.google.android.gms.auth.api.signin.internal.SignInHubActivity { <init>(...); }

# view AndroidManifest.xml #generated:105
-keep class com.google.android.gms.cast.framework.ReconnectionService { <init>(...); }

# view res/layout/cast_help_text.xml #generated:2
-keep class com.google.android.gms.cast.framework.internal.featurehighlight.HelpTextView { <init>(...); }

# view AndroidManifest.xml #generated:102
-keep class com.google.android.gms.cast.framework.media.MediaIntentReceiver { <init>(...); }

# view AndroidManifest.xml #generated:104
-keep class com.google.android.gms.cast.framework.media.MediaNotificationService { <init>(...); }

# view AndroidManifest.xml #generated:190
-keep class com.google.android.gms.common.api.GoogleApiActivity { <init>(...); }

# view res/layout/activity_main.xml #generated:41
-keep class com.google.android.gms.maps.MapFragment { <init>(...); }

# view res/layout/fragment_visualnavigate.xml #generated:15
-keep class com.google.android.gms.maps.SupportMapFragment { <init>(...); }

# view AndroidManifest.xml #generated:140
-keep class com.google.android.gms.measurement.AppMeasurementInstallReferrerReceiver { <init>(...); }

# view AndroidManifest.xml #generated:135
-keep class com.google.android.gms.measurement.AppMeasurementReceiver { <init>(...); }

# view AndroidManifest.xml #generated:149
-keep class com.google.android.gms.measurement.AppMeasurementService { <init>(...); }

# view AndroidManifest.xml #generated:122
-keep class com.google.android.gms.tagmanager.TagManagerPreviewActivity { <init>(...); }

# view AndroidManifest.xml #generated:117
-keep class com.google.android.gms.tagmanager.TagManagerService { <init>(...); }

# view AndroidManifest.xml #generated:169
-keep class com.google.firebase.iid.FirebaseInstanceIdInternalReceiver { <init>(...); }

# view AndroidManifest.xml #generated:154
-keep class com.google.firebase.iid.FirebaseInstanceIdReceiver { <init>(...); }

# view AndroidManifest.xml #generated:176
-keep class com.google.firebase.iid.FirebaseInstanceIdService { <init>(...); }

# view AndroidManifest.xml #generated:110
-keep class com.google.firebase.messaging.FirebaseMessagingService { <init>(...); }

# view AndroidManifest.xml #generated:184
-keep class com.google.firebase.provider.FirebaseInitProvider { <init>(...); }

# view res/layout/fragment_visualnavigate.xml #generated:7
-keep class com.visualnavigate.AutoFitTextureView { <init>(...); }

# view AndroidManifest.xml #generated:52
-keep class com.visualnavigate.CameraActivity { <init>(...); }

# view AndroidManifest.xml #generated:62
-keep class com.visualnavigate.GetLocationService { <init>(...); }