Application/build/outputs/mapping/debug/seeds.txt
com.visualnavigate.AutoFitTextureView
com.visualnavigate.AutoFitTextureView: AutoFitTextureView(android.content.Context)
com.visualnavigate.AutoFitTextureView: AutoFitTextureView(android.content.Context,android.util.AttributeSet)
com.visualnavigate.AutoFitTextureView: AutoFitTextureView(android.content.Context,android.util.AttributeSet,int)
com.visualnavigate.CameraActivity
com.visualnavigate.CameraActivity: CameraActivity()
com.visualnavigate.GetLocationService
com.visualnavigate.GetLocationService: GetLocationService()
com.visualnavigate.Global$OperationMode: com.visualnavigate.Global$OperationMode[] values()
com.visualnavigate.Global$OperationMode: com.visualnavigate.Global$OperationMode valueOf(java.lang.String)
com.visualnavigate.R$anim: int abc_fade_in
com.visualnavigate.R$anim: int abc_fade_out
com.visualnavigate.R$anim: int abc_grow_fade_in_from_bottom
com.visualnavigate.R$anim: int abc_popup_enter
com.visualnavigate.R$anim: int abc_popup_exit
com.visualnavigate.R$anim: int abc_shrink_fade_out_from_bottom
com.visualnavigate.R$anim: int abc_slide_in_bottom
com.visualnavigate.R$anim: int abc_slide_in_top
com.visualnavigate.R$anim: int abc_slide_out_bottom
com.visualnavigate.R$anim: int abc_slide_out_top
com.visualnavigate.R$anim: int design_bottom_sheet_slide_in
com.visualnavigate.R$anim: int design_bottom_sheet_slide_out
com.visualnavigate.R$anim: int design_fab_in
com.visualnavigate.R$anim: int design_fab_out
com.visualnavigate.R$anim: int design_snackbar_in
com.visualnavigate.R$anim: int design_snackbar_out
com.visualnavigate.R$array: int cast_expanded_controller_default_control_buttons
com.visualnavigate.R$array: int cast_mini_controller_default_control_buttons
com.visualnavigate.R$attr: int MediaRouteControllerWindowBackground
com.visualnavigate.R$attr: int actionBarDivider
com.visualnavigate.R$attr: int actionBarItemBackground
com.visualnavigate.R$attr: int actionBarPopupTheme
com.visualnavigate.R$attr: int actionBarSize
com.visualnavigate.R$attr: int actionBarSplitStyle
com.visualnavigate.R$attr: int actionBarStyle
com.visualnavigate.R$attr: int actionBarTabBarStyle
com.visualnavigate.R$attr: int actionBarTabStyle
com.visualnavigate.R$attr: int actionBarTabTextStyle
com.visualnavigate.R$attr: int actionBarTheme
com.visualnavigate.R$attr: int actionBarWidgetTheme
com.visualnavigate.R$attr: int actionButtonStyle
com.visualnavigate.R$attr: int actionDropDownStyle
com.visualnavigate.R$attr: int actionLayout
com.visualnavigate.R$attr: int actionMenuTextAppearance
com.visualnavigate.R$attr: int actionMenuTextColor
com.visualnavigate.R$attr: int actionModeBackground
com.visualnavigate.R$attr: int actionModeCloseButtonStyle
com.visualnavigate.R$attr: int actionModeCloseDrawable
com.visualnavigate.R$attr: int actionModeCopyDrawable
com.visualnavigate.R$attr: int actionModeCutDrawable
com.visualnavigate.R$attr: int actionModeFindDrawable
com.visualnavigate.R$attr: int actionModePasteDrawable
com.visualnavigate.R$attr: int actionModePopupWindowStyle
com.visualnavigate.R$attr: int actionModeSelectAllDrawable
com.visualnavigate.R$attr: int actionModeShareDrawable
com.visualnavigate.R$attr: int actionModeSplitBackground
com.visualnavigate.R$bool: int abc_action_bar_embed_tabs
com.visualnavigate.R$bool: int abc_allow_stacked_button_bar
com.visualnavigate.R$bool: int abc_config_actionMenuItemAllCaps
com.visualnavigate.R$bool: int abc_config_closeDialogWhenTouchOutside
com.visualnavigate.R$bool: int abc_config_showMenuShortcutsWhenKeyboardPresent
...
com.google.android.gms.games.multiplayer.ParticipantEntity
com.google.android.gms.games.multiplayer.ParticipantEntity: android.os.Parcelable$Creator CREATOR
com.google.android.gms.games.multiplayer.ParticipantResult: android.os.Parcelable$Creator CREATOR
com.google.android.gms.games.multiplayer.realtime.RealTimeMessage: android.os.Parcelable$Creator CREATOR
com.google.android.gms.games.multiplayer.realtime.RoomEntity
com.google.android.gms.games.multiplayer.realtime.RoomEntity: android.os.Parcelable$Creator CREATOR
com.google.android.gms.games.multiplayer.turnbased.TurnBasedMatch: int[] MATCH_TURN_STATUS_ALL
com.google.android.gms.games.multiplayer.turnbased.TurnBasedMatchEntity: android.os.Parcelable$Creator CREATOR
com.google.android.gms.games.quest.MilestoneEntity: android.os.Parcelable$Creator CREATOR
com.google.android.gms.games.quest.Quest: int[] QUEST_STATE_ALL
com.google.android.gms.games.quest.Quest: java.lang.String[] QUEST_STATE_NON_TERMINAL
com.google.android.gms.games.quest.Quest: java.lang.String getBannerImageUrl()
com.google.android.gms.games.quest.Quest: java.lang.String getIconImageUrl()
com.google.android.gms.games.quest.QuestEntity: android.os.Parcelable$Creator CREATOR
com.google.android.gms.games.request.GameRequest: int TYPE_ALL
com.google.android.gms.games.request.GameRequestEntity: android.os.Parcelable$Creator CREATOR
com.google.android.gms.games.snapshot.SnapshotContentsEntity: android.os.Parcelable$Creator CREATOR
com.google.android.gms.games.snapshot.SnapshotEntity: android.os.Parcelable$Creator CREATOR
com.google.android.gms.games.snapshot.SnapshotMetadata: java.lang.String getCoverImageUrl()
com.google.android.gms.games.snapshot.SnapshotMetadataChangeEntity: android.os.Parcelable$Creator CREATOR
com.google.android.gms.games.snapshot.SnapshotMetadataEntity: android.os.Parcelable$Creator CREATOR
com.google.android.gms.games.social.SocialInviteEntity: android.os.Parcelable$Creator CREATOR
com.google.android.gms.games.stats.PlayerStatsEntity: android.os.Parcelable$Creator CREATOR
com.google.android.gms.games.video.VideoCapabilities: android.os.Parcelable$Creator CREATOR
com.google.android.gms.games.video.VideoConfiguration: android.os.Parcelable$Creator CREATOR
com.google.android.gms.games.video.VideoEntity: android.os.Parcelable$Creator CREATOR
com.google.android.gms.gcm.OneoffTask
com.google.android.gms.gcm.OneoffTask: android.os.Parcelable$Creator CREATOR
com.google.android.gms.gcm.PendingCallback
com.google.android.gms.gcm.PendingCallback: android.os.Parcelable$Creator CREATOR
com.google.android.gms.gcm.PeriodicTask
com.google.android.gms.gcm.PeriodicTask: android.os.Parcelable$Creator CREATOR
com.google.android.gms.gcm.Task
com.google.android.gms.identity.intents.UserAddressRequest
com.google.android.gms.identity.intents.UserAddressRequest: android.os.Parcelable$Creator CREATOR
com.google.android.gms.identity.intents.model.CountrySpecification
com.google.android.gms.identity.intents.model.CountrySpecification: android.os.Parcelable$Creator CREATOR
com.google.android.gms.identity.intents.model.UserAddress
com.google.android.gms.identity.intents.model.UserAddress: android.os.Parcelable$Creator CREATOR
com.google.android.gms.iid.MessengerCompat
com.google.android.gms.iid.MessengerCompat: android.os.Parcelable$Creator CREATOR
com.google.android.gms.instantapps.LaunchData: android.os.Parcelable$Creator CREATOR
com.google.android.gms.instantapps.LaunchSettings: android.os.Parcelable$Creator CREATOR
com.google.android.gms.internal.zzacf: android.os.Parcelable$Creator CREATOR
com.google.android.gms.internal.zzach: android.os.Parcelable$Creator CREATOR
com.google.android.gms.internal.zzach$zza: android.os.Parcelable$Creator CREATOR
com.google.android.gms.internal.zzack$zza: com.google.android.gms.internal.zzacm CREATOR
com.google.android.gms.internal.zzaco: android.os.Parcelable$Creator CREATOR
com.google.android.gms.internal.zzaco$zza: android.os.Parcelable$Creator CREATOR