Application/build/outputs/mapping/debug/mapping.txt
com.visualnavigate.AutoFitTextureView -> com.visualnavigate.AutoFitTextureView:
    int mRatioWidth -> a
    int mRatioHeight -> b
    void <init>(android.content.Context) -> <init>
    void <init>(android.content.Context,android.util.AttributeSet) -> <init>
    void <init>(android.content.Context,android.util.AttributeSet,int) -> <init>
    void setAspectRatio(int,int) -> a
    void onMeasure(int,int) -> onMeasure
com.visualnavigate.CameraActivity -> com.visualnavigate.CameraActivity:
    android.view.Menu mOptionsMenu -> m
    void <init>() -> <init>
    void onCreate(android.os.Bundle) -> onCreate
    boolean onCreateOptionsMenu(android.view.Menu) -> onCreateOptionsMenu
    boolean onOptionsItemSelected(android.view.MenuItem) -> onOptionsItemSelected
    void onMapReady(com.google.android.gms.maps.GoogleMap) -> a
com.visualnavigate.CameraFragment -> com.visualnavigate.a:
    android.util.SparseIntArray ORIENTATIONS -> b
    boolean mIsCaptureStopped -> c
    android.view.TextureView$SurfaceTextureListener mSurfaceTextureListener -> d
    java.lang.String mCameraId -> e
    com.visualnavigate.AutoFitTextureView mTextureView -> f
    android.hardware.camera2.CameraCaptureSession mCaptureSession -> g
    android.hardware.camera2.CameraDevice mCameraDevice -> h
    android.util.Size mPreviewSize -> i
    android.hardware.camera2.CameraDevice$StateCallback mStateCallback -> j
    android.os.HandlerThread mBackgroundThread -> k
    android.os.Handler mBackgroundHandler -> l
    android.media.ImageReader mImageReader -> m
    java.io.File mFile -> n
    android.media.ImageReader$OnImageAvailableListener mOnImageAvailableListener -> o
    android.hardware.camera2.CaptureRequest$Builder mPreviewRequestBuilder -> p
    android.hardware.camera2.CaptureRequest mPreviewRequest -> q
    int mState -> r
    java.util.concurrent.Semaphore mCameraOpenCloseLock -> s
    boolean mFlashSupported -> t
    int mSensorOrientation -> u
    android.hardware.camera2.CameraCaptureSession$CaptureCallback mCaptureCallback -> v
    boolean $assertionsDisabled -> a
    void <init>() -> <init>
    void showToast(java.lang.String) -> a
    android.util.Size chooseOptimalSize(android.util.Size[],int,int,int,int,android.util.Size) -> a
    com.visualnavigate.CameraFragment newInstance() -> a
com.visualnavigate.CameraFragment$1 -> com.visualnavigate.a$1:
    com.visualnavigate.CameraFragment this$0 -> a
    void <init>(com.visualnavigate.CameraFragment) -> <init>
    void onSurfaceTextureAvailable(android.graphics.SurfaceTexture,int,int) -> onSurfaceTextureAvailable
    void onSurfaceTextureSizeChanged(android.graphics.SurfaceTexture,int,int) -> onSurfaceTextureSizeChanged
    boolean onSurfaceTextureDestroyed(android.graphics.SurfaceTexture) -> onSurfaceTextureDestroyed
    void onSurfaceTextureUpdated(android.graphics.SurfaceTexture) -> onSurfaceTextureUpdated
com.visualnavigate.CameraFragment$2 -> com.visualnavigate.a$2:
    com.visualnavigate.CameraFragment this$0 -> a
    void <init>(com.visualnavigate.CameraFragment) -> <init>
    void onOpened(android.hardware.camera2.CameraDevice) -> onOpened
    void onDisconnected(android.hardware.camera2.CameraDevice) -> onDisconnected
    void onError(android.hardware.camera2.CameraDevice,int) -> onError
com.visualnavigate.CameraFragment$3 -> com.visualnavigate.a$3:
    com.visualnavigate.CameraFragment this$0 -> a
    void <init>(com.visualnavigate.CameraFragment) -> <init>
    void onImageAvailable(android.media.ImageReader) -> onImageAvailable
...
android.support.v4.view.animation.FastOutSlowInInterpolator -> android.support.v4.j.b.b:
    float[] VALUES -> a
    void <init>() -> <init>
    float getInterpolation(float) -> getInterpolation
    void <clinit>() -> <clinit>
android.support.v4.view.animation.LinearOutSlowInInterpolator -> android.support.v4.j.b.c:
    float[] VALUES -> a
    void <init>() -> <init>
    float getInterpolation(float) -> getInterpolation
    void <clinit>() -> <clinit>
android.support.v4.view.animation.LookupTableInterpolator -> android.support.v4.j.b.d:
    float[] mValues -> a
    float mStepSize -> b
    void <init>(float[]) -> <init>
    float getInterpolation(float) -> getInterpolation
android.support.v4.widget.AutoScrollHelper -> android.support.v4.widget.a:
    android.support.v4.widget.AutoScrollHelper$ClampedScroller mScroller -> a
    android.view.animation.Interpolator mEdgeInterpolator -> f
    android.view.View mTarget -> b
    java.lang.Runnable mRunnable -> g
    float[] mRelativeEdges -> h
    float[] mMaximumEdges -> i
    int mEdgeType -> j
    int mActivationDelay -> k
    float[] mRelativeVelocity -> l
    float[] mMinimumVelocity -> m
    float[] mMaximumVelocity -> n
    boolean mAlreadyDelayed -> o
    boolean mNeedsReset -> c
    boolean mNeedsCancel -> d
    boolean mAnimating -> e
    boolean mEnabled -> p
    boolean mExclusive -> q
    int DEFAULT_ACTIVATION_DELAY -> r
    void <init>(android.view.View) -> <init>
    android.support.v4.widget.AutoScrollHelper setEnabled(boolean) -> a
    android.support.v4.widget.AutoScrollHelper setMaximumVelocity(float,float) -> a
    android.support.v4.widget.AutoScrollHelper setMinimumVelocity(float,float) -> b
    android.support.v4.widget.AutoScrollHelper setRelativeVelocity(float,float) -> c
    android.support.v4.widget.AutoScrollHelper setEdgeType(int) -> a
    android.support.v4.widget.AutoScrollHelper setRelativeEdges(float,float) -> d
    android.support.v4.widget.AutoScrollHelper setMaximumEdges(float,float) -> e
    android.support.v4.widget.AutoScrollHelper setActivationDelay(int) -> b
    android.support.v4.widget.AutoScrollHelper setRampUpDuration(int) -> c
android.support.v4.widget.AutoScrollHelper$ClampedScroller -> android.support.v4.widget.a$a:
    int mRampUpDuration -> a
    int mRampDownDuration -> b
    float mTargetVelocityX -> c
    float mTargetVelocityY -> d
    long mStartTime -> e
    long mDeltaTime -> f
    int mDeltaX -> g
    int mDeltaY -> h
    long mStopTime -> i
    float mStopValue -> j
    int mEffectiveRampDown -> k
    void <init>() -> <init>
    void setRampUpDuration(int) -> a
    void setRampDownDuration(int) -> b
    void start() -> a
    void requestStop() -> b
    boolean isFinished() -> c
    float getValueAt(long) -> a
    float interpolateValue(float) -> a
    void computeScrollDelta() -> d
    void setTargetVelocity(float,float) -> a
    int getHorizontalDirection() -> e
    int getVerticalDirection() -> f
    int getDeltaX() -> g
    int getDeltaY() -> h
android.support.v4.widget.AutoScrollHelper$ScrollAnimationRunnable -> android.support.v4.widget.a$b:
    android.support.v4.widget.AutoScrollHelper this$0 -> a
    void <init>(android.support.v4.widget.AutoScrollHelper) -> <init>
    void run() -> run
android.support.v4.widget.CompoundButtonCompat -> android.support.v4.widget.b:
    android.support.v4.widget.CompoundButtonCompat$CompoundButtonCompatImpl IMPL -> a
    void setButtonTintList(android.widget.CompoundButton,android.content.res.ColorStateList) -> a
    void setButtonTintMode(android.widget.CompoundButton,android.graphics.PorterDuff$Mode) -> a
    android.graphics.drawable.Drawable getButtonDrawable(android.widget.CompoundButton) -> a
    void <clinit>() -> <clinit>
android.support.v4.widget.CompoundButtonCompat$Api23CompoundButtonImpl -> android.support.v4.widget.b$a:
    void <init>() -> <init>
    android.graphics.drawable.Drawable getButtonDrawable(android.widget.CompoundButton) -> a