Application/build/outputs/mapping/debug/usage.txt
com.visualnavigate.BuildConfig
com.visualnavigate.CameraFragment:
    private static final int REQUEST_CAMERA_PERMISSION
    private static final java.lang.String FRAGMENT_DIALOG
    private static final java.lang.String TAG
    private static final int STATE_PREVIEW
    private static final int STATE_WAITING_LOCK
    private static final int STATE_WAITING_PRECAPTURE
    private static final int STATE_WAITING_NON_PRECAPTURE
    private static final int STATE_PICTURE_TAKEN
    private static final int MAX_PREVIEW_WIDTH
    private static final int MAX_PREVIEW_HEIGHT
    936:948:private void unlockFocus()
com.visualnavigate.CameraFragment$ErrorDialog:
    private static final java.lang.String ARG_MESSAGE
com.visualnavigate.CameraFragment$ImageSaver
com.visualnavigate.Global:
    13:13:public static com.visualnavigate.Global getInstance()
com.visualnavigate.Manifest
com.visualnavigate.Manifest$permission
com.visualnavigate.R
com.visualnavigate.R$anim
com.visualnavigate.R$array
com.visualnavigate.R$attr
com.visualnavigate.R$bool
com.visualnavigate.R$color
com.visualnavigate.R$dimen
com.visualnavigate.R$drawable
com.visualnavigate.R$id
com.visualnavigate.R$integer
com.visualnavigate.R$interpolator
com.visualnavigate.R$layout
com.visualnavigate.R$menu
com.visualnavigate.R$mipmap
com.visualnavigate.R$raw
com.visualnavigate.R$string
com.visualnavigate.R$style
com.visualnavigate.R$styleable
com.visualnavigate.RemoteLog:
    private static final java.lang.String SERVER_URL
com.visualnavigate.httpHelper:
    private static final java.lang.String SERVER_URL
    25:25:public httpHelper()
...
com.google.android.gms.internal.zzbme
com.google.android.gms.internal.zzbmf
com.google.android.gms.internal.zzbmg
com.google.android.gms.internal.zzbmh
com.google.android.gms.internal.zzbmh$1
com.google.android.gms.internal.zzbmh$2
com.google.android.gms.internal.zzbmh$3
com.google.android.gms.internal.zzbmi
com.google.android.gms.internal.zzbmi$1
com.google.android.gms.internal.zzbmj
com.google.android.gms.internal.zzbmj$1
com.google.android.gms.internal.zzbmk
com.google.android.gms.internal.zzbml
com.google.android.gms.internal.zzbml$1
com.google.android.gms.internal.zzbml$10
com.google.android.gms.internal.zzbml$11
com.google.android.gms.internal.zzbml$12
com.google.android.gms.internal.zzbml$13
com.google.android.gms.internal.zzbml$14
com.google.android.gms.internal.zzbml$15
com.google.android.gms.internal.zzbml$16
com.google.android.gms.internal.zzbml$17
com.google.android.gms.internal.zzbml$17$1
com.google.android.gms.internal.zzbml$18
com.google.android.gms.internal.zzbml$18$1
com.google.android.gms.internal.zzbml$19
com.google.android.gms.internal.zzbml$2
com.google.android.gms.internal.zzbml$20
com.google.android.gms.internal.zzbml$21
com.google.android.gms.internal.zzbml$22
com.google.android.gms.internal.zzbml$23
com.google.android.gms.internal.zzbml$3
com.google.android.gms.internal.zzbml$4
com.google.android.gms.internal.zzbml$5
com.google.android.gms.internal.zzbml$6
com.google.android.gms.internal.zzbml$7
com.google.android.gms.internal.zzbml$8
com.google.android.gms.internal.zzbml$8$1
com.google.android.gms.internal.zzbml$9
com.google.android.gms.internal.zzbml$zza
com.google.android.gms.internal.zzbml$zzb
com.google.android.gms.internal.zzbmm
com.google.android.gms.internal.zzbmn
com.google.android.gms.internal.zzbmn$1
com.google.android.gms.internal.zzbmn$2
com.google.android.gms.internal.zzbmn$3
com.google.android.gms.internal.zzbmn$4
com.google.android.gms.internal.zzbmo
com.google.android.gms.internal.zzbmp
com.google.android.gms.internal.zzbmp$1
com.google.android.gms.internal.zzbmp$2
com.google.android.gms.internal.zzbmq
com.google.android.gms.internal.zzbmr
com.google.android.gms.internal.zzbmr$1
com.google.android.gms.internal.zzbmr$2
com.google.android.gms.internal.zzbmr$zza
com.google.android.gms.internal.zzbmr$zzb
com.google.android.gms.internal.zzbms
com.google.android.gms.internal.zzbmt
com.google.android.gms.internal.zzbmt$1
com.google.android.gms.internal.zzbmt$10
com.google.android.gms.internal.zzbmt$11
com.google.android.gms.internal.zzbmt$12
com.google.android.gms.internal.zzbmt$13
com.google.android.gms.internal.zzbmt$14
com.google.android.gms.internal.zzbmt$2
com.google.android.gms.internal.zzbmt$3
com.google.android.gms.internal.zzbmt$4
com.google.android.gms.internal.zzbmt$5
com.google.android.gms.internal.zzbmt$6
com.google.android.gms.internal.zzbmt$7
com.google.android.gms.internal.zzbmt$8
com.google.android.gms.internal.zzbmt$9
com.google.android.gms.internal.zzbmt$zza
com.google.android.gms.internal.zzbmt$zzb
com.google.android.gms.internal.zzbmt$zzc
com.google.android.gms.internal.zzbmt$zzd
com.google.android.gms.internal.zzbmu
com.google.android.gms.internal.zzbmv
com.google.android.gms.internal.zzbmv$1
com.google.android.gms.internal.zzbmw
com.google.android.gms.internal.zzbmw$1
com.google.android.gms.internal.zzbmx
com.google.android.gms.internal.zzbmy
com.google.android.gms.internal.zzbmz
com.google.android.gms.internal.zzbna
com.google.android.gms.internal.zzbna$1
com.google.android.gms.internal.zzbna$2
com.google.android.gms.internal.zzbnb
com.google.android.gms.internal.zzbnc
com.google.android.gms.internal.zzbnd
com.google.android.gms.internal.zzbne
com.google.android.gms.internal.zzbnf
com.google.android.gms.internal.zzbng
com.google.android.gms.internal.zzbng$zza
com.google.android.gms.internal.zzbnh
com.google.android.gms.internal.zzbnh$zza
com.google.android.gms.internal.zzbni
com.google.android.gms.internal.zzbnj
com.google.android.gms.internal.zzbnj$1